# JRE version: OpenJDK Runtime Environment (17.0.6) (build 17.0.6+0-b2043.56-9586694)
# Java VM: OpenJDK 64-Bit Server VM (17.0.6+0-b2043.56-9586694, mixed mode, tiered, compressed oops, compressed class ptrs, g1 gc, windows-amd64)
GC Precious Log:
 CPUs: 8 total, 8 available
 Memory: 1917M
 Large Page Support: Disabled
 NUMA Support: Disabled
 Compressed Oops: Enabled (32-bit)
 Heap Region Size: 1M
 Heap Min Capacity: 8M
 Heap Initial Capacity: 30M
 Heap Max Capacity: 2G
 Pre-touch: Disabled
 Parallel Workers: 8
 Concurrent Workers: 2
 Concurrent Refinement Workers: 8
 Periodic GC: Disabled
Heap:
 garbage-first heap   total 177152K, used 105642K [0x0000000080000000, 0x0000000100000000)
  region size 1024K, 39 young (39936K), 3 survivors (3072K)
 Metaspace       used 83891K, committed 84480K, reserved 1130496K
  class space    used 11192K, committed 11456K, reserved 1048576K
GC Heap History (20 events):
Event: 17.237 GC heap before
{Heap before GC invocations=27 (full 0):
 garbage-first heap   total 78848K, used 56589K [0x0000000080000000, 0x0000000100000000)
  region size 1024K, 31 young (31744K), 4 survivors (4096K)
 Metaspace       used 44619K, committed 44992K, reserved 1089536K
  class space    used 5764K, committed 5952K, reserved 1048576K
}
Event: 17.257 GC heap after
{Heap after GC invocations=28 (full 0):
 garbage-first heap   total 78848K, used 30954K [0x0000000080000000, 0x0000000100000000)
  region size 1024K, 2 young (2048K), 2 survivors (2048K)
 Metaspace       used 44619K, committed 44992K, reserved 1089536K
  class space    used 5764K, committed 5952K, reserved 1048576K
}
Event: 19.466 GC heap before
{Heap before GC invocations=28 (full 0):
 garbage-first heap   total 78848K, used 59626K [0x0000000080000000, 0x0000000100000000)
  region size 1024K, 30 young (30720K), 2 survivors (2048K)
 Metaspace       used 48190K, committed 48640K, reserved 1097728K
  class space    used 6332K, committed 6528K, reserved 1048576K
}
Event: 19.481 GC heap after
{Heap after GC invocations=29 (full 0):
 garbage-first heap   total 78848K, used 32551K [0x0000000080000000, 0x0000000100000000)
  region size 1024K, 4 young (4096K), 4 survivors (4096K)
 Metaspace       used 48190K, committed 48640K, reserved 1097728K
  class space    used 6332K, committed 6528K, reserved 1048576K
}
Event: 22.946 GC heap before
{Heap before GC invocations=29 (full 0):
 garbage-first heap   total 78848K, used 61223K [0x0000000080000000, 0x0000000100000000)
  region size 1024K, 32 young (32768K), 4 survivors (4096K)
 Metaspace       used 49397K, committed 49792K, reserved 1097728K
  class space    used 6448K, committed 6656K, reserved 1048576K
}
Event: 23.067 GC heap after
{Heap after GC invocations=30 (full 0):
 garbage-first heap   total 78848K, used 34477K [0x0000000080000000, 0x0000000100000000)
  region size 1024K, 4 young (4096K), 4 survivors (4096K)
 Metaspace       used 49397K, committed 49792K, reserved 1097728K
  class space    used 6448K, committed 6656K, reserved 1048576K
}
Event: 26.833 GC heap before
{Heap before GC invocations=30 (full 0):
 garbage-first heap   total 78848K, used 62125K [0x0000000080000000, 0x0000000100000000)
  region size 1024K, 28 young (28672K), 4 survivors (4096K)
 Metaspace       used 50716K, committed 51136K, reserved 1097728K
  class space    used 6632K, committed 6848K, reserved 1048576K
}
Event: 26.892 GC heap after
{Heap after GC invocations=31 (full 0):
 garbage-first heap   total 78848K, used 46381K [0x0000000080000000, 0x0000000100000000)
  region size 1024K, 4 young (4096K), 4 survivors (4096K)
 Metaspace       used 50716K, committed 51136K, reserved 1097728K
  class space    used 6632K, committed 6848K, reserved 1048576K
}
Event: 29.212 GC heap before
{Heap before GC invocations=32 (full 0):
 garbage-first heap   total 80896K, used 61741K [0x0000000080000000, 0x0000000100000000)
  region size 1024K, 20 young (20480K), 4 survivors (4096K)
 Metaspace       used 53087K, committed 53568K, reserved 1097728K
  class space    used 6941K, committed 7168K, reserved 1048576K
}
Event: 29.303 GC heap after
{Heap after GC invocations=33 (full 0):
 garbage-first heap   total 80896K, used 47281K [0x0000000080000000, 0x0000000100000000)
  region size 1024K, 1 young (1024K), 1 survivors (1024K)
 Metaspace       used 53087K, committed 53568K, reserved 1097728K
  class space    used 6941K, committed 7168K, reserved 1048576K
}
Event: 32.442 GC heap before
{Heap before GC invocations=33 (full 0):
 garbage-first heap   total 80896K, used 64689K [0x0000000080000000, 0x0000000100000000)
  region size 1024K, 18 young (18432K), 1 survivors (1024K)
 Metaspace       used 56348K, committed 56768K, reserved 1105920K
  class space    used 7333K, committed 7488K, reserved 1048576K
}
Event: 32.465 GC heap after
{Heap after GC invocations=34 (full 0):
 garbage-first heap   total 177152K, used 47845K [0x0000000080000000, 0x0000000100000000)
  region size 1024K, 2 young (2048K), 2 survivors (2048K)
 Metaspace       used 56348K, committed 56768K, reserved 1105920K
  class space    used 7333K, committed 7488K, reserved 1048576K
}
Event: 39.049 GC heap before
{Heap before GC invocations=34 (full 0):
 garbage-first heap   total 177152K, used 136933K [0x0000000080000000, 0x0000000100000000)
  region size 1024K, 89 young (91136K), 2 survivors (2048K)
 Metaspace       used 66690K, committed 67200K, reserved 1114112K
  class space    used 8622K, committed 8832K, reserved 1048576K
}
Event: 39.712 GC heap after
{Heap after GC invocations=35 (full 0):
 garbage-first heap   total 177152K, used 54709K [0x0000000080000000, 0x0000000100000000)
  region size 1024K, 9 young (9216K), 9 survivors (9216K)
 Metaspace       used 66690K, committed 67200K, reserved 1114112K
  class space    used 8622K, committed 8832K, reserved 1048576K
}
Event: 46.613 GC heap before
{Heap before GC invocations=35 (full 0):
 garbage-first heap   total 177152K, used 130485K [0x0000000080000000, 0x0000000100000000)
  region size 1024K, 83 young (84992K), 9 survivors (9216K)
 Metaspace       used 73865K, committed 74432K, reserved 1114112K
  class space    used 9795K, committed 10048K, reserved 1048576K
}
Event: 46.908 GC heap after
{Heap after GC invocations=36 (full 0):
 garbage-first heap   total 177152K, used 60793K [0x0000000080000000, 0x0000000100000000)
  region size 1024K, 6 young (6144K), 6 survivors (6144K)
 Metaspace       used 73865K, committed 74432K, reserved 1114112K
  class space    used 9795K, committed 10048K, reserved 1048576K
}
Event: 56.344 GC heap before
{Heap before GC invocations=36 (full 0):
 garbage-first heap   total 177152K, used 135545K [0x0000000080000000, 0x0000000100000000)
  region size 1024K, 79 young (80896K), 6 survivors (6144K)
 Metaspace       used 80626K, committed 81152K, reserved 1122304K
  class space    used 10750K, committed 11008K, reserved 1048576K
}
Event: 56.872 GC heap after
{Heap after GC invocations=37 (full 0):
 garbage-first heap   total 177152K, used 68300K [0x0000000080000000, 0x0000000100000000)
  region size 1024K, 8 young (8192K), 8 survivors (8192K)
 Metaspace       used 80626K, committed 81152K, reserved 1122304K
  class space    used 10750K, committed 11008K, reserved 1048576K
}
Event: 57.152 GC heap before
{Heap before GC invocations=37 (full 0):
 garbage-first heap   total 177152K, used 78540K [0x0000000080000000, 0x0000000100000000)
  region size 1024K, 18 young (18432K), 8 survivors (8192K)
 Metaspace       used 80654K, committed 81216K, reserved 1122304K
  class space    used 10753K, committed 11008K, reserved 1048576K
}
Event: 57.183 GC heap after
{Heap after GC invocations=38 (full 0):
 garbage-first heap   total 177152K, used 70826K [0x0000000080000000, 0x0000000100000000)
  region size 1024K, 3 young (3072K), 3 survivors (3072K)
 Metaspace       used 80654K, committed 81216K, reserved 1122304K
  class space    used 10753K, committed 11008K, reserved 1048576K
}

